Using pre-set license
Built from '2020.3/release' branch; Version is '2020.3.7f1 (dd97f2c94397) revision 14522354'; Using compiler version '192528614'; Build Type 'Release'
OS: 'Windows 10 Enterprise 2016 LTSB; OS build 14393.3326; Version 1607; 64bit' Language: 'en' Physical Memory: 16326 MB
BatchMode: 1, IsHumanControllingUs: 0, StartBugReporterOnCrash: 0, Is64bit: 1, IsPro: 0

 COMMAND LINE ARGUMENTS:
C:\Program Files\Unity\Hub\Editor\2020.3.7f1\Editor\Unity.exe
-adb2
-batchMode
-noUpm
-name
AssetImportWorker0
-projectPath
C:/Users/gaitavr/Desktop/Projects/TowerDefence
-logFile
Logs/AssetImportWorker0.log
-srvPort
61066
Successfully changed project path to: C:/Users/gaitavr/Desktop/Projects/TowerDefence
C:/Users/gaitavr/Desktop/Projects/TowerDefence
Using Asset Import Pipeline V2.
Refreshing native plugins compatible for Editor in 86.58 ms, found 0 plugins.
Preloading 0 native plugins for Editor in 0.00 ms.
Initialize engine version: 2020.3.7f1 (dd97f2c94397)
[Subsystems] Discovering subsystems at path C:/Program Files/Unity/Hub/Editor/2020.3.7f1/Editor/Data/Resources/UnitySubsystems
[Subsystems] Discovering subsystems at path C:/Users/gaitavr/Desktop/Projects/TowerDefence/Assets
GfxDevice: creating device client; threaded=0
Direct3D:
    Version:  Direct3D 11.0 [level 11.1]
    Renderer: Radeon RX 580 Series (ID=0x67df)
    Vendor:   
    VRAM:     8172 MB
    Driver:   27.20.12033.2007
Shader 'Universal Render Pipeline/Particles/Lit': fallback shader 'Universal Render Pipeline/Particles/SimpleLit' not found
Initialize mono
Mono path[0] = 'C:/Program Files/Unity/Hub/Editor/2020.3.7f1/Editor/Data/Managed'
Mono path[1] = 'C:/Program Files/Unity/Hub/Editor/2020.3.7f1/Editor/Data/MonoBleedingEdge/lib/mono/unityjit'
Mono config path = 'C:/Program Files/Unity/Hub/Editor/2020.3.7f1/Editor/Data/MonoBleedingEdge/etc'
Using monoOptions --debugger-agent=transport=dt_socket,embedding=1,server=y,suspend=n,address=127.0.0.1:56108
Begin MonoManager ReloadAssembly
Registering precompiled unity dll's ...
Register platform support module: C:/Program Files/Unity/Hub/Editor/2020.3.7f1/Editor/Data/PlaybackEngines/WindowsStandaloneSupport/UnityEditor.WindowsStandalone.Extensions.dll
Registered in 0.001800 seconds.
Native extension for WindowsStandalone target not found
Refreshing native plugins compatible for Editor in 64.43 ms, found 0 plugins.
Preloading 0 native plugins for Editor in 0.00 ms.
Mono: successfully reloaded assembly
- Completed reload, in  2.557 seconds
Platform modules already initialized, skipping
Registering precompiled user dll's ...
Registered in 0.009498 seconds.
Begin MonoManager ReloadAssembly
Native extension for WindowsStandalone target not found
Refreshing native plugins compatible for Editor in 74.34 ms, found 0 plugins.
Preloading 0 native plugins for Editor in 0.00 ms.
Mono: successfully reloaded assembly
- Completed reload, in  1.319 seconds
Platform modules already initialized, skipping
========================================================================
Worker process is ready to serve import requests
Shader 'Universal Render Pipeline/Particles/Lit': fallback shader 'Universal Render Pipeline/Particles/SimpleLit' not found
Launched and connected shader compiler UnityShaderCompiler.exe after 0.04 seconds
Refreshing native plugins compatible for Editor in 1.14 ms, found 0 plugins.
Preloading 0 native plugins for Editor in 0.00 ms.
Unloading 3056 Unused Serialized files (Serialized files now loaded: 0)
System memory in use before: 141.4 MB.
System memory in use after: 141.6 MB.

Unloading 54 unused Assets to reduce memory usage. Loaded Objects now: 3474.
Total: 7.090724 ms (FindLiveObjects: 0.414146 ms CreateObjectMapping: 0.372089 ms MarkObjects: 6.121072 ms  DeleteObjects: 0.181372 ms)

========================================================================
Received Import Request.
  path: Assets/Scenes/Startup.unity
  artifactKey: Guid(0fed335283210e24f87781b98118f6fe) Importer(815301076,1909f56bfc062723c751e8b465ee728b)
Start importing Assets/Scenes/Startup.unity using Guid(0fed335283210e24f87781b98118f6fe) Importer(815301076,1909f56bfc062723c751e8b465ee728b)  -> (artifact id: 'eadd4f57b816125530d1ff928a2432bd') in 0.024795 seconds
  Import took 0.032078 seconds .

========================================================================
Received Prepare
Shader 'Universal Render Pipeline/Particles/Lit': fallback shader 'Universal Render Pipeline/Particles/SimpleLit' not found
Refreshing native plugins compatible for Editor in 12.01 ms, found 0 plugins.
Preloading 0 native plugins for Editor in 0.00 ms.
Unloading 44 Unused Serialized files (Serialized files now loaded: 0)
System memory in use before: 75.5 MB.
System memory in use after: 75.7 MB.

Unloading 43 unused Assets to reduce memory usage. Loaded Objects now: 3474.
Total: 6.288133 ms (FindLiveObjects: 0.410350 ms CreateObjectMapping: 0.247378 ms MarkObjects: 5.571116 ms  DeleteObjects: 0.058121 ms)

========================================================================
Received Import Request.
  Time since last request: 52.188025 seconds.
  path: Assets/Scenes/EditorGame.unity
  artifactKey: Guid(a4940a230cadcfd48ac256338e79c1f1) Importer(815301076,1909f56bfc062723c751e8b465ee728b)
Start importing Assets/Scenes/EditorGame.unity using Guid(a4940a230cadcfd48ac256338e79c1f1) Importer(815301076,1909f56bfc062723c751e8b465ee728b)  -> (artifact id: 'd3ecff224ac4dd477eefe39ceb25c38c') in 0.010820 seconds
  Import took 0.017277 seconds .

========================================================================
Received Import Request.
  Time since last request: 4.872291 seconds.
  path: Assets/Scenes/QuickGame.unity
  artifactKey: Guid(99a85963493959341a197526b3d70e64) Importer(815301076,1909f56bfc062723c751e8b465ee728b)
Start importing Assets/Scenes/QuickGame.unity using Guid(99a85963493959341a197526b3d70e64) Importer(815301076,1909f56bfc062723c751e8b465ee728b)  -> (artifact id: '9bf986f6f745bb923342e9d54582bb71') in 0.010077 seconds
  Import took 0.016155 seconds .

========================================================================
Received Prepare
Registering precompiled user dll's ...
Registered in 0.005382 seconds.
Begin MonoManager ReloadAssembly
Native extension for WindowsStandalone target not found
Refreshing native plugins compatible for Editor in 0.86 ms, found 0 plugins.
Preloading 0 native plugins for Editor in 0.00 ms.
Mono: successfully reloaded assembly
- Completed reload, in  0.983 seconds
Platform modules already initialized, skipping
Switching build target platform(5) subTarget(0) extendedPlatform(0) -> platform(13) subTarget(589824) extendedPlatform(0)
Shader 'Universal Render Pipeline/Particles/Lit': fallback shader 'Universal Render Pipeline/Particles/SimpleLit' not found
Refreshing native plugins compatible for Editor in 0.82 ms, found 0 plugins.
Preloading 0 native plugins for Editor in 0.00 ms.
Unloading 2932 Unused Serialized files (Serialized files now loaded: 0)
System memory in use before: 130.0 MB.
System memory in use after: 130.2 MB.

Unloading 45 unused Assets to reduce memory usage. Loaded Objects now: 3477.
Total: 5.582507 ms (FindLiveObjects: 0.277461 ms CreateObjectMapping: 0.134641 ms MarkObjects: 5.139446 ms  DeleteObjects: 0.029791 ms)

AssetImportParameters requested are different than current active one (requested -> active):
  custom:graphics/normal-map-encoding: 01000000000000000000000000000000 -> 02000000000000000000000000000000
AssetImportWorkerClient::OnTransportError - code=2 error=End of file
